  3.1.1.cpp
D:\BSU\С++\labs finally!!!!\3.1.1\3.1.1.cpp(1,4): error C2014: команда препроцессора не должна начинаться с пробела
D:\BSU\С++\labs finally!!!!\3.1.1\3.1.1.cpp(3,7): error C2143: синтаксическая ошибка: отсутствие ";" перед "using namespace"
D:\BSU\С++\labs finally!!!!\3.1.1\3.1.1.cpp(3,7): error C4430: отсутствует спецификатор типа - предполагается int. Примечание. C++ не поддерживает int по умолчанию
D:\BSU\С++\labs finally!!!!\3.1.1\3.1.1.cpp(8,22): error C2065: INT_MAX: необъявленный идентификатор
D:\BSU\С++\labs finally!!!!\3.1.1\3.1.1.cpp(9,16): error C2065: NULL: необъявленный идентификатор
D:\BSU\С++\labs finally!!!!\3.1.1\3.1.1.cpp(9,11): error C3861: time: идентификатор не найден
D:\BSU\С++\labs finally!!!!\3.1.1\3.1.1.cpp(9,5): error C3861: srand: идентификатор не найден
D:\BSU\С++\labs finally!!!!\3.1.1\3.1.1.cpp(14,15): error C2065: LC_ALL: необъявленный идентификатор
D:\BSU\С++\labs finally!!!!\3.1.1\3.1.1.cpp(14,5): error C3861: setlocale: идентификатор не найден
D:\BSU\С++\labs finally!!!!\3.1.1\3.1.1.cpp(15,5): error C2065: cout: необъявленный идентификатор
D:\BSU\С++\labs finally!!!!\3.1.1\3.1.1.cpp(19,5): error C2065: cout: необъявленный идентификатор
D:\BSU\С++\labs finally!!!!\3.1.1\3.1.1.cpp(21,20): error C2065: cin: необъявленный идентификатор
D:\BSU\С++\labs finally!!!!\3.1.1\3.1.1.cpp(32,47): error C3861: rand: идентификатор не найден
D:\BSU\С++\labs finally!!!!\3.1.1\3.1.1.cpp(37,38): error C2065: cin: необъявленный идентификатор
D:\BSU\С++\labs finally!!!!\3.1.1\3.1.1.cpp(40,15): error C2065: cout: необъявленный идентификатор
D:\BSU\С++\labs finally!!!!\3.1.1\3.1.1.cpp(40,70): error C2065: endl: необъявленный идентификатор
D:\BSU\С++\labs finally!!!!\3.1.1\3.1.1.cpp(46,9): error C2065: cout: необъявленный идентификатор
D:\BSU\С++\labs finally!!!!\3.1.1\3.1.1.cpp(46,28): error C2065: endl: необъявленный идентификатор
D:\BSU\С++\labs finally!!!!\3.1.1\3.1.1.cpp(48,5): error C2065: cout: необъявленный идентификатор
D:\BSU\С++\labs finally!!!!\3.1.1\3.1.1.cpp(48,13): error C2065: endl: необъявленный идентификатор
D:\BSU\С++\labs finally!!!!\3.1.1\3.1.1.cpp(61,5): error C2065: cout: необъявленный идентификатор
D:\BSU\С++\labs finally!!!!\3.1.1\3.1.1.cpp(61,13): error C2065: endl: необъявленный идентификатор
D:\BSU\С++\labs finally!!!!\3.1.1\3.1.1.cpp(61,166): error C2065: endl: необъявленный идентификатор
D:\BSU\С++\labs finally!!!!\3.1.1\3.1.1.cpp(61,174): error C2065: endl: необъявленный идентификатор
D:\BSU\С++\labs finally!!!!\3.1.1\3.1.1.cpp(66,5): error C2065: cout: необъявленный идентификатор
